# JRE version: OpenJDK Runtime Environment Temurin-21.0.12.1+1 (21.0.12.1+1) (build 21.0.12.1+1-LTS)
# Java VM: OpenJDK 64-Bit Server VM Temurin-21.0.12.1+1 (21.0.12.1+1-LTS, mixed mode, sharing, tiered, compressed oops, compressed class ptrs, g1 gc, windows-amd64)
GC Precious Log:
 CardTable entry size: 512
 Card Set container configuration: InlinePtr #cards 5 size 8 Array Of Cards #cards 12 size 40 Howl #buckets 4 coarsen threshold 1843 Howl Bitmap #cards 512 size 80 coarsen threshold 460 Card regions per heap region 1 cards per card region 2048
 CPUs: 18 total, 18 available
 Memory: 15953M
 Large Page Support: Disabled
 NUMA Support: Disabled
 Compressed Oops: Enabled (32-bit)
 Heap Region Size: 1M
 Heap Min Capacity: 256M
 Heap Initial Capacity: 256M
 Heap Max Capacity: 512M
 Pre-touch: Disabled
 Parallel Workers: 14
 Concurrent Workers: 4
 Concurrent Refinement Workers: 14
 Periodic GC: Disabled
Heap:
 garbage-first heap   total 262144K, used 46696K [0x00000000e0000000, 0x0000000100000000)
  region size 1024K, 26 young (26624K), 10 survivors (10240K)
 Metaspace       used 35759K, committed 37184K, reserved 393216K
  class space    used 5257K, committed 5952K, reserved 327680K
GC Heap History (14 events):
Event: 9.823 GC heap before
{Heap before GC invocations=0 (full 0):
 garbage-first heap   total 262144K, used 26624K [0x00000000e0000000, 0x0000000100000000)
  region size 1024K, 23 young (23552K), 0 survivors (0K)
 Metaspace       used 2863K, committed 3008K, reserved 393216K
  class space    used 334K, committed 384K, reserved 327680K
}
Event: 10.056 GC heap after
{Heap after GC invocations=1 (full 0):
 garbage-first heap   total 262144K, used 10837K [0x00000000e0000000, 0x0000000100000000)
  region size 1024K, 3 young (3072K), 3 survivors (3072K)
 Metaspace       used 2863K, committed 3008K, reserved 393216K
  class space    used 334K, committed 384K, reserved 327680K
}
Event: 19.662 GC heap before
{Heap before GC invocations=1 (full 0):
 garbage-first heap   total 262144K, used 38485K [0x00000000e0000000, 0x0000000100000000)
  region size 1024K, 30 young (30720K), 3 survivors (3072K)
 Metaspace       used 4705K, committed 4928K, reserved 393216K
  class space    used 597K, committed 704K, reserved 327680K
}
Event: 19.668 GC heap after
{Heap after GC invocations=2 (full 0):
 garbage-first heap   total 262144K, used 14379K [0x00000000e0000000, 0x0000000100000000)
  region size 1024K, 3 young (3072K), 3 survivors (3072K)
 Metaspace       used 4705K, committed 4928K, reserved 393216K
  class space    used 597K, committed 704K, reserved 327680K
}
Event: 47.124 GC heap before
{Heap before GC invocations=2 (full 0):
 garbage-first heap   total 262144K, used 85035K [0x00000000e0000000, 0x0000000100000000)
  region size 1024K, 72 young (73728K), 3 survivors (3072K)
 Metaspace       used 14897K, committed 15296K, reserved 393216K
  class space    used 2044K, committed 2240K, reserved 327680K
}
Event: 47.258 GC heap after
{Heap after GC invocations=3 (full 0):
 garbage-first heap   total 262144K, used 21585K [0x00000000e0000000, 0x0000000100000000)
  region size 1024K, 9 young (9216K), 9 survivors (9216K)
 Metaspace       used 14897K, committed 15296K, reserved 393216K
  class space    used 2044K, committed 2240K, reserved 327680K
}
Event: 53.228 GC heap before
{Heap before GC invocations=3 (full 0):
 garbage-first heap   total 262144K, used 63569K [0x00000000e0000000, 0x0000000100000000)
  region size 1024K, 51 young (52224K), 9 survivors (9216K)
 Metaspace       used 20860K, committed 21504K, reserved 393216K
  class space    used 2980K, committed 3328K, reserved 327680K
}
Event: 53.233 GC heap after
{Heap after GC invocations=4 (full 0):
 garbage-first heap   total 262144K, used 24924K [0x00000000e0000000, 0x0000000100000000)
  region size 1024K, 11 young (11264K), 11 survivors (11264K)
 Metaspace       used 20860K, committed 21504K, reserved 393216K
  class space    used 2980K, committed 3328K, reserved 327680K
}
Event: 58.548 GC heap before
{Heap before GC invocations=5 (full 0):
 garbage-first heap   total 262144K, used 125276K [0x00000000e0000000, 0x0000000100000000)
  region size 1024K, 110 young (112640K), 11 survivors (11264K)
 Metaspace       used 34646K, committed 35968K, reserved 393216K
  class space    used 5061K, committed 5696K, reserved 327680K
}
Event: 58.557 GC heap after
{Heap after GC invocations=6 (full 0):
 garbage-first heap   total 262144K, used 31415K [0x00000000e0000000, 0x0000000100000000)
  region size 1024K, 17 young (17408K), 17 survivors (17408K)
 Metaspace       used 34646K, committed 35968K, reserved 393216K
  class space    used 5061K, committed 5696K, reserved 327680K
}
Event: 80.218 GC heap before
{Heap before GC invocations=6 (full 0):
 garbage-first heap   total 262144K, used 36535K [0x00000000e0000000, 0x0000000100000000)
  region size 1024K, 23 young (23552K), 17 survivors (17408K)
 Metaspace       used 34987K, committed 36288K, reserved 393216K
  class space    used 5117K, committed 5760K, reserved 327680K
}
Event: 80.232 GC heap after
{Heap after GC invocations=7 (full 0):
 garbage-first heap   total 262144K, used 31710K [0x00000000e0000000, 0x0000000100000000)
  region size 1024K, 10 young (10240K), 10 survivors (10240K)
 Metaspace       used 34987K, committed 36288K, reserved 393216K
  class space    used 5117K, committed 5760K, reserved 327680K
}
Event: 80.978 GC heap before
{Heap before GC invocations=7 (full 0):
 garbage-first heap   total 262144K, used 33758K [0x00000000e0000000, 0x0000000100000000)
  region size 1024K, 13 young (13312K), 10 survivors (10240K)
 Metaspace       used 35244K, committed 36608K, reserved 393216K
  class space    used 5156K, committed 5824K, reserved 327680K
}
Event: 80.991 GC heap after
{Heap after GC invocations=8 (full 0):
 garbage-first heap   total 262144K, used 31336K [0x00000000e0000000, 0x0000000100000000)
  region size 1024K, 10 young (10240K), 10 survivors (10240K)
 Metaspace       used 35244K, committed 36608K, reserved 393216K
  class space    used 5156K, committed 5824K, reserved 327680K
}

