# JRE version: OpenJDK Runtime Environment Temurin-21.0.12.1+1 (21.0.12.1+1) (build 21.0.12.1+1-LTS)
# Java VM: OpenJDK 64-Bit Server VM Temurin-21.0.12.1+1 (21.0.12.1+1-LTS, mixed mode, sharing, tiered, compressed oops, compressed class ptrs, parallel gc, windows-amd64)
GC Precious Log:
 CardTable entry size: 512
 CPUs: 18 total, 18 available
 Memory: 15953M
 Large Page Support: Disabled
 NUMA Support: Disabled
 Compressed Oops: Enabled (32-bit)
 Alignments: Space 512K, Generation 512K, Heap 2M
 Heap Min Capacity: 100M
 Heap Initial Capacity: 100M
 Heap Max Capacity: 2G
 Pre-touch: Disabled
 Parallel Workers: 14
Heap:
 PSYoungGen      total 8192K, used 1572K [0x00000000d5580000, 0x00000000d5e80000, 0x0000000100000000)
  eden space 7680K, 15% used [0x00000000d5580000,0x00000000d56a9318,0x00000000d5d00000)
  from space 512K, 75% used [0x00000000d5e00000,0x00000000d5e60000,0x00000000d5e80000)
  to   space 512K, 0% used [0x00000000d5d80000,0x00000000d5d80000,0x00000000d5e00000)
 ParOldGen       total 1231872K, used 1231469K [0x0000000080000000, 0x00000000cb300000, 0x00000000d5580000)
  object space 1231872K, 99% used [0x0000000080000000,0x00000000cb29b558,0x00000000cb300000)
 Metaspace       used 96124K, committed 98048K, reserved 1179648K
  class space    used 10577K, committed 11456K, reserved 1048576K
GC Heap History (20 events):
Event: 165.047 GC heap before
{Heap before GC invocations=1124 (full 4):
 PSYoungGen      total 8192K, used 7307K [0x00000000d5580000, 0x00000000d5e80000, 0x0000000100000000)
  eden space 7680K, 89% used [0x00000000d5580000,0x00000000d5c32c40,0x00000000d5d00000)
  from space 512K, 87% used [0x00000000d5d80000,0x00000000d5df0000,0x00000000d5e00000)
  to   space 512K, 0% used [0x00000000d5e00000,0x00000000d5e00000,0x00000000d5e80000)
 ParOldGen       total 1226240K, used 1226045K [0x0000000080000000, 0x00000000cad80000, 0x00000000d5580000)
  object space 1226240K, 99% used [0x0000000080000000,0x00000000cad4f6c8,0x00000000cad80000)
 Metaspace       used 96124K, committed 98048K, reserved 1179648K
  class space    used 10577K, committed 11456K, reserved 1048576K
}
Event: 165.049 GC heap after
{Heap after GC invocations=1124 (full 4):
 PSYoungGen      total 8192K, used 352K [0x00000000d5580000, 0x00000000d5e80000, 0x0000000100000000)
  eden space 7680K, 0% used [0x00000000d5580000,0x00000000d5580000,0x00000000d5d00000)
  from space 512K, 68% used [0x00000000d5e00000,0x00000000d5e58000,0x00000000d5e80000)
  to   space 512K, 0% used [0x00000000d5d80000,0x00000000d5d80000,0x00000000d5e00000)
 ParOldGen       total 1226752K, used 1226277K [0x0000000080000000, 0x00000000cae00000, 0x00000000d5580000)
  object space 1226752K, 99% used [0x0000000080000000,0x00000000cad896c8,0x00000000cae00000)
 Metaspace       used 96124K, committed 98048K, reserved 1179648K
  class space    used 10577K, committed 11456K, reserved 1048576K
}
Event: 165.055 GC heap before
{Heap before GC invocations=1125 (full 4):
 PSYoungGen      total 8192K, used 7163K [0x00000000d5580000, 0x00000000d5e80000, 0x0000000100000000)
  eden space 7680K, 88% used [0x00000000d5580000,0x00000000d5c26d08,0x00000000d5d00000)
  from space 512K, 68% used [0x00000000d5e00000,0x00000000d5e58000,0x00000000d5e80000)
  to   space 512K, 0% used [0x00000000d5d80000,0x00000000d5d80000,0x00000000d5e00000)
 ParOldGen       total 1226752K, used 1226277K [0x0000000080000000, 0x00000000cae00000, 0x00000000d5580000)
  object space 1226752K, 99% used [0x0000000080000000,0x00000000cad896c8,0x00000000cae00000)
 Metaspace       used 96124K, committed 98048K, reserved 1179648K
  class space    used 10577K, committed 11456K, reserved 1048576K
}
Event: 165.057 GC heap after
{Heap after GC invocations=1125 (full 4):
 PSYoungGen      total 8192K, used 384K [0x00000000d5580000, 0x00000000d5e80000, 0x0000000100000000)
  eden space 7680K, 0% used [0x00000000d5580000,0x00000000d5580000,0x00000000d5d00000)
  from space 512K, 75% used [0x00000000d5d80000,0x00000000d5de0000,0x00000000d5e00000)
  to   space 512K, 0% used [0x00000000d5e00000,0x00000000d5e00000,0x00000000d5e80000)
 ParOldGen       total 1226752K, used 1226389K [0x0000000080000000, 0x00000000cae00000, 0x00000000d5580000)
  object space 1226752K, 99% used [0x0000000080000000,0x00000000cada56c8,0x00000000cae00000)
 Metaspace       used 96124K, committed 98048K, reserved 1179648K
  class space    used 10577K, committed 11456K, reserved 1048576K
}
Event: 165.064 GC heap before
{Heap before GC invocations=1126 (full 4):
 PSYoungGen      total 8192K, used 7214K [0x00000000d5580000, 0x00000000d5e80000, 0x0000000100000000)
  eden space 7680K, 88% used [0x00000000d5580000,0x00000000d5c2b908,0x00000000d5d00000)
  from space 512K, 75% used [0x00000000d5d80000,0x00000000d5de0000,0x00000000d5e00000)
  to   space 512K, 0% used [0x00000000d5e00000,0x00000000d5e00000,0x00000000d5e80000)
 ParOldGen       total 1226752K, used 1226389K [0x0000000080000000, 0x00000000cae00000, 0x00000000d5580000)
  object space 1226752K, 99% used [0x0000000080000000,0x00000000cada56c8,0x00000000cae00000)
 Metaspace       used 96124K, committed 98048K, reserved 1179648K
  class space    used 10577K, committed 11456K, reserved 1048576K
}
Event: 165.065 GC heap after
{Heap after GC invocations=1126 (full 4):
 PSYoungGen      total 8192K, used 352K [0x00000000d5580000, 0x00000000d5e80000, 0x0000000100000000)
  eden space 7680K, 0% used [0x00000000d5580000,0x00000000d5580000,0x00000000d5d00000)
  from space 512K, 68% used [0x00000000d5e00000,0x00000000d5e58000,0x00000000d5e80000)
  to   space 512K, 0% used [0x00000000d5d80000,0x00000000d5d80000,0x00000000d5e00000)
 ParOldGen       total 1226752K, used 1226517K [0x0000000080000000, 0x00000000cae00000, 0x00000000d5580000)
  object space 1226752K, 99% used [0x0000000080000000,0x00000000cadc56c8,0x00000000cae00000)
 Metaspace       used 96124K, committed 98048K, reserved 1179648K
  class space    used 10577K, committed 11456K, reserved 1048576K
}
Event: 165.071 GC heap before
{Heap before GC invocations=1127 (full 4):
 PSYoungGen      total 8192K, used 7141K [0x00000000d5580000, 0x00000000d5e80000, 0x0000000100000000)
  eden space 7680K, 88% used [0x00000000d5580000,0x00000000d5c215f0,0x00000000d5d00000)
  from space 512K, 68% used [0x00000000d5e00000,0x00000000d5e58000,0x00000000d5e80000)
  to   space 512K, 0% used [0x00000000d5d80000,0x00000000d5d80000,0x00000000d5e00000)
 ParOldGen       total 1226752K, used 1226517K [0x0000000080000000, 0x00000000cae00000, 0x00000000d5580000)
  object space 1226752K, 99% used [0x0000000080000000,0x00000000cadc56c8,0x00000000cae00000)
 Metaspace       used 96124K, committed 98048K, reserved 1179648K
  class space    used 10577K, committed 11456K, reserved 1048576K
}
Event: 165.072 GC heap after
{Heap after GC invocations=1127 (full 4):
 PSYoungGen      total 8192K, used 384K [0x00000000d5580000, 0x00000000d5e80000, 0x0000000100000000)
  eden space 7680K, 0% used [0x00000000d5580000,0x00000000d5580000,0x00000000d5d00000)
  from space 512K, 75% used [0x00000000d5d80000,0x00000000d5de0000,0x00000000d5e00000)
  to   space 512K, 0% used [0x00000000d5e00000,0x00000000d5e00000,0x00000000d5e80000)
 ParOldGen       total 1226752K, used 1226659K [0x0000000080000000, 0x00000000cae00000, 0x00000000d5580000)
  object space 1226752K, 99% used [0x0000000080000000,0x00000000cade8d38,0x00000000cae00000)
 Metaspace       used 96124K, committed 98048K, reserved 1179648K
  class space    used 10577K, committed 11456K, reserved 1048576K
}
Event: 165.080 GC heap before
{Heap before GC invocations=1128 (full 4):
 PSYoungGen      total 8192K, used 7142K [0x00000000d5580000, 0x00000000d5e80000, 0x0000000100000000)
  eden space 7680K, 87% used [0x00000000d5580000,0x00000000d5c19858,0x00000000d5d00000)
  from space 512K, 75% used [0x00000000d5d80000,0x00000000d5de0000,0x00000000d5e00000)
  to   space 512K, 0% used [0x00000000d5e00000,0x00000000d5e00000,0x00000000d5e80000)
 ParOldGen       total 1226752K, used 1226659K [0x0000000080000000, 0x00000000cae00000, 0x00000000d5580000)
  object space 1226752K, 99% used [0x0000000080000000,0x00000000cade8d38,0x00000000cae00000)
 Metaspace       used 96124K, committed 98048K, reserved 1179648K
  class space    used 10577K, committed 11456K, reserved 1048576K
}
Event: 165.081 GC heap after
{Heap after GC invocations=1128 (full 4):
 PSYoungGen      total 8192K, used 288K [0x00000000d5580000, 0x00000000d5e80000, 0x0000000100000000)
  eden space 7680K, 0% used [0x00000000d5580000,0x00000000d5580000,0x00000000d5d00000)
  from space 512K, 56% used [0x00000000d5e00000,0x00000000d5e48000,0x00000000d5e80000)
  to   space 512K, 0% used [0x00000000d5d80000,0x00000000d5d80000,0x00000000d5e00000)
 ParOldGen       total 1227264K, used 1226779K [0x0000000080000000, 0x00000000cae80000, 0x00000000d5580000)
  object space 1227264K, 99% used [0x0000000080000000,0x00000000cae06d38,0x00000000cae80000)
 Metaspace       used 96124K, committed 98048K, reserved 1179648K
  class space    used 10577K, committed 11456K, reserved 1048576K
}
Event: 165.087 GC heap before
{Heap before GC invocations=1129 (full 4):
 PSYoungGen      total 8192K, used 7963K [0x00000000d5580000, 0x00000000d5e80000, 0x0000000100000000)
  eden space 7680K, 99% used [0x00000000d5580000,0x00000000d5cfee68,0x00000000d5d00000)
  from space 512K, 56% used [0x00000000d5e00000,0x00000000d5e48000,0x00000000d5e80000)
  to   space 512K, 0% used [0x00000000d5d80000,0x00000000d5d80000,0x00000000d5e00000)
 ParOldGen       total 1227264K, used 1226779K [0x0000000080000000, 0x00000000cae80000, 0x00000000d5580000)
  object space 1227264K, 99% used [0x0000000080000000,0x00000000cae06d38,0x00000000cae80000)
 Metaspace       used 96124K, committed 98048K, reserved 1179648K
  class space    used 10577K, committed 11456K, reserved 1048576K
}
Event: 165.089 GC heap after
{Heap after GC invocations=1129 (full 4):
 PSYoungGen      total 8192K, used 320K [0x00000000d5580000, 0x00000000d5e80000, 0x0000000100000000)
  eden space 7680K, 0% used [0x00000000d5580000,0x00000000d5580000,0x00000000d5d00000)
  from space 512K, 62% used [0x00000000d5d80000,0x00000000d5dd0000,0x00000000d5e00000)
  to   space 512K, 0% used [0x00000000d5e00000,0x00000000d5e00000,0x00000000d5e80000)
 ParOldGen       total 1229312K, used 1228764K [0x0000000080000000, 0x00000000cb080000, 0x00000000d5580000)
  object space 1229312K, 99% used [0x0000000080000000,0x00000000caff7258,0x00000000cb080000)
 Metaspace       used 96124K, committed 98048K, reserved 1179648K
  class space    used 10577K, committed 11456K, reserved 1048576K
}
Event: 165.096 GC heap before
{Heap before GC invocations=1130 (full 4):
 PSYoungGen      total 8192K, used 7215K [0x00000000d5580000, 0x00000000d5e80000, 0x0000000100000000)
  eden space 7680K, 89% used [0x00000000d5580000,0x00000000d5c3bc58,0x00000000d5d00000)
  from space 512K, 62% used [0x00000000d5d80000,0x00000000d5dd0000,0x00000000d5e00000)
  to   space 512K, 0% used [0x00000000d5e00000,0x00000000d5e00000,0x00000000d5e80000)
 ParOldGen       total 1229312K, used 1228764K [0x0000000080000000, 0x00000000cb080000, 0x00000000d5580000)
  object space 1229312K, 99% used [0x0000000080000000,0x00000000caff7258,0x00000000cb080000)
 Metaspace       used 96124K, committed 98048K, reserved 1179648K
  class space    used 10577K, committed 11456K, reserved 1048576K
}
Event: 165.098 GC heap after
{Heap after GC invocations=1130 (full 4):
 PSYoungGen      total 8192K, used 384K [0x00000000d5580000, 0x00000000d5e80000, 0x0000000100000000)
  eden space 7680K, 0% used [0x00000000d5580000,0x00000000d5580000,0x00000000d5d00000)
  from space 512K, 75% used [0x00000000d5e00000,0x00000000d5e60000,0x00000000d5e80000)
  to   space 512K, 0% used [0x00000000d5d80000,0x00000000d5d80000,0x00000000d5e00000)
 ParOldGen       total 1229312K, used 1228900K [0x0000000080000000, 0x00000000cb080000, 0x00000000d5580000)
  object space 1229312K, 99% used [0x0000000080000000,0x00000000cb019258,0x00000000cb080000)
 Metaspace       used 96124K, committed 98048K, reserved 1179648K
  class space    used 10577K, committed 11456K, reserved 1048576K
}
Event: 165.103 GC heap before
{Heap before GC invocations=1131 (full 4):
 PSYoungGen      total 8192K, used 7967K [0x00000000d5580000, 0x00000000d5e80000, 0x0000000100000000)
  eden space 7680K, 98% used [0x00000000d5580000,0x00000000d5ce7d78,0x00000000d5d00000)
  from space 512K, 75% used [0x00000000d5e00000,0x00000000d5e60000,0x00000000d5e80000)
  to   space 512K, 0% used [0x00000000d5d80000,0x00000000d5d80000,0x00000000d5e00000)
 ParOldGen       total 1229312K, used 1228900K [0x0000000080000000, 0x00000000cb080000, 0x00000000d5580000)
  object space 1229312K, 99% used [0x0000000080000000,0x00000000cb019258,0x00000000cb080000)
 Metaspace       used 96124K, committed 98048K, reserved 1179648K
  class space    used 10577K, committed 11456K, reserved 1048576K
}
Event: 165.105 GC heap after
{Heap after GC invocations=1131 (full 4):
 PSYoungGen      total 8192K, used 384K [0x00000000d5580000, 0x00000000d5e80000, 0x0000000100000000)
  eden space 7680K, 0% used [0x00000000d5580000,0x00000000d5580000,0x00000000d5d00000)
  from space 512K, 75% used [0x00000000d5d80000,0x00000000d5de0000,0x00000000d5e00000)
  to   space 512K, 0% used [0x00000000d5e00000,0x00000000d5e00000,0x00000000d5e80000)
 ParOldGen       total 1231360K, used 1230877K [0x0000000080000000, 0x00000000cb280000, 0x00000000d5580000)
  object space 1231360K, 99% used [0x0000000080000000,0x00000000cb207778,0x00000000cb280000)
 Metaspace       used 96124K, committed 98048K, reserved 1179648K
  class space    used 10577K, committed 11456K, reserved 1048576K
}
Event: 165.112 GC heap before
{Heap before GC invocations=1132 (full 4):
 PSYoungGen      total 8192K, used 7375K [0x00000000d5580000, 0x00000000d5e80000, 0x0000000100000000)
  eden space 7680K, 91% used [0x00000000d5580000,0x00000000d5c53d78,0x00000000d5d00000)
  from space 512K, 75% used [0x00000000d5d80000,0x00000000d5de0000,0x00000000d5e00000)
  to   space 512K, 0% used [0x00000000d5e00000,0x00000000d5e00000,0x00000000d5e80000)
 ParOldGen       total 1231360K, used 1230877K [0x0000000080000000, 0x00000000cb280000, 0x00000000d5580000)
  object space 1231360K, 99% used [0x0000000080000000,0x00000000cb207778,0x00000000cb280000)
 Metaspace       used 96124K, committed 98048K, reserved 1179648K
  class space    used 10577K, committed 11456K, reserved 1048576K
}
Event: 165.113 GC heap after
{Heap after GC invocations=1132 (full 4):
 PSYoungGen      total 8192K, used 416K [0x00000000d5580000, 0x00000000d5e80000, 0x0000000100000000)
  eden space 7680K, 0% used [0x00000000d5580000,0x00000000d5580000,0x00000000d5d00000)
  from space 512K, 81% used [0x00000000d5e00000,0x00000000d5e68000,0x00000000d5e80000)
  to   space 512K, 0% used [0x00000000d5d80000,0x00000000d5d80000,0x00000000d5e00000)
 ParOldGen       total 1231360K, used 1230981K [0x0000000080000000, 0x00000000cb280000, 0x00000000d5580000)
  object space 1231360K, 99% used [0x0000000080000000,0x00000000cb221778,0x00000000cb280000)
 Metaspace       used 96124K, committed 98048K, reserved 1179648K
  class space    used 10577K, committed 11456K, reserved 1048576K
}
Event: 165.120 GC heap before
{Heap before GC invocations=1133 (full 4):
 PSYoungGen      total 8192K, used 7251K [0x00000000d5580000, 0x00000000d5e80000, 0x0000000100000000)
  eden space 7680K, 89% used [0x00000000d5580000,0x00000000d5c2cd40,0x00000000d5d00000)
  from space 512K, 81% used [0x00000000d5e00000,0x00000000d5e68000,0x00000000d5e80000)
  to   space 512K, 0% used [0x00000000d5d80000,0x00000000d5d80000,0x00000000d5e00000)
 ParOldGen       total 1231360K, used 1230981K [0x0000000080000000, 0x00000000cb280000, 0x00000000d5580000)
  object space 1231360K, 99% used [0x0000000080000000,0x00000000cb221778,0x00000000cb280000)
 Metaspace       used 96124K, committed 98048K, reserved 1179648K
  class space    used 10577K, committed 11456K, reserved 1048576K
}
Event: 165.121 GC heap after
{Heap after GC invocations=1133 (full 4):
 PSYoungGen      total 8192K, used 416K [0x00000000d5580000, 0x00000000d5e80000, 0x0000000100000000)
  eden space 7680K, 0% used [0x00000000d5580000,0x00000000d5580000,0x00000000d5d00000)
  from space 512K, 81% used [0x00000000d5d80000,0x00000000d5de8000,0x00000000d5e00000)
  to   space 512K, 0% used [0x00000000d5e00000,0x00000000d5e00000,0x00000000d5e80000)
 ParOldGen       total 1231360K, used 1231101K [0x0000000080000000, 0x00000000cb280000, 0x00000000d5580000)
  object space 1231360K, 99% used [0x0000000080000000,0x00000000cb23f778,0x00000000cb280000)
 Metaspace       used 96124K, committed 98048K, reserved 1179648K
  class space    used 10577K, committed 11456K, reserved 1048576K
}

